<?xml version="1.0" encoding="UTF-8"?>
<!-- Generated by org.testng.reporters.JUnitXMLReporter -->
<testsuite ignored="0" hostname="TYSS-Sumanth-Chinivar" failures="0" tests="7" name="Combined3" time="16.267" errors="0" timestamp="2024-01-18T15:52:40 IST">
  <testcase classname="mobiles.IPhone" name="startIPhone" time="2.813"/>
  <testcase classname="mobiles.IPhone" name="updateIPhone" time="0.001"/>
  <testcase classname="mobiles.Redmi" name="start" time="8.396"/>
  <testcase classname="mobiles.Vivo" name="switchOn" time="2.343"/>
  <testcase classname="mobiles.IPhone" name="endIPhone" time="0.001"/>
  <testcase classname="mobiles.Motorola" name="startAndStop" time="2.612"/>
  <testcase classname="mobiles.Motorola" name="setUp" time="0.001"/>
</testsuite> <!-- Combined3 -->
