<?xml version="1.0" encoding="UTF-8"?>
<!-- Generated by org.testng.reporters.JUnitXMLReporter -->
<testsuite ignored="0" hostname="TYSS-Sumanth-Chinivar" failures="0" tests="7" name="Combined1" time="24.455" errors="0" timestamp="2024-01-18T16:08:49 IST">
  <testcase classname="mobiles.IPhone" name="startIPhone" time="2.984"/>
  <testcase classname="mobiles.IPhone" name="updateIPhone" time="0.001"/>
  <testcase classname="mobiles.Vivo" name="switchOn" time="10.029"/>
  <testcase classname="mobiles.Redmi" name="start" time="8.488"/>
  <testcase classname="mobiles.IPhone" name="endIPhone" time="0.001"/>
  <testcase classname="mobiles.Motorola" name="startAndStop" time="2.874"/>
  <testcase classname="mobiles.Motorola" name="setUp" time="0.0"/>
</testsuite> <!-- Combined1 -->
