<?xml version="1.0" encoding="UTF-8"?>
<!-- Generated by org.testng.reporters.JUnitXMLReporter -->
<testsuite ignored="4" hostname="TYSS-Sumanth-Chinivar" failures="0" tests="2" name="Test" time="10.713" errors="0" timestamp="2024-01-18T16:51:27 IST">
  <testcase classname="mobiles.Redmi" name="start" time="8.378"/>
  <testcase classname="mobiles.IPhone" name="startIPhone" time="2.295"/>
  <testcase classname="mobiles.IPhone" name="updateIPhone" time="0.0">
    <ignored/>
  </testcase> <!-- updateIPhone -->
  <testcase classname="mobiles.Motorola" name="startAndStop" time="0.0">
    <ignored/>
  </testcase> <!-- startAndStop -->
  <testcase classname="mobiles.IPhone" name="endIPhone" time="0.0">
    <ignored/>
  </testcase> <!-- endIPhone -->
  <testcase classname="mobiles.Motorola" name="setUp" time="0.0">
    <ignored/>
  </testcase> <!-- setUp -->
</testsuite> <!-- Test -->
