<?xml version="1.0" encoding="UTF-8"?>
<!-- Generated by org.testng.reporters.JUnitXMLReporter -->
<testsuite ignored="0" hostname="TYSS-Sumanth-Chinivar" failures="0" tests="5" name="Bike" time="36.32" errors="0" timestamp="2024-01-17T16:23:20 IST">
  <testcase classname="Bikes.Jawa" name="longRideOnJawa" time="10.339"/>
  <testcase classname="Bikes.RoyalEnfield" name="riding" time="16.5"/>
  <testcase classname="Bikes.Yamaha" name="parking" time="0.001"/>
  <testcase classname="Bikes.Yamaha" name="riding" time="5.684"/>
  <testcase classname="Bikes.Kawasaki" name="ride" time="3.747"/>
</testsuite> <!-- Bike -->
